[33m[nodemon] 3.1.10[39m
[33m[nodemon] to restart at any time, enter `rs`[39m
[33m[nodemon] watching path(s): *.*[39m
[33m[nodemon] watching extensions: js,mjs,cjs,json[39m
[32m[nodemon] starting `node index.js`[39m
[dotenv@17.1.0] injecting env (4) from .env (tip: 🛠️  run anywhere with `dotenvx run -- yourcommand`)
(node:20767) [MONGODB DRIVER] Warning: useNewUrlParser is a deprecated option: useNewUrlParser has no effect since Node.js Driver version 4.0.0 and will be removed in the next major version
(Use `node --trace-warnings ...` to show where the warning was created)
(node:20767) [MONGODB DRIVER] Warning: useUnifiedTopology is a deprecated option: useUnifiedTopology has no effect since Node.js Driver version 4.0.0 and will be removed in the next major version
🚀 Server running on port 8080
✅ Connected to Local MongoDB: voting_app
[32m[nodemon] restarting due to changes...[39m
[32m[nodemon] starting `node index.js`[39m
[dotenv@17.1.0] injecting env (4) from .env (tip: 🛠️  run anywhere with `dotenvx run -- yourcommand`)
(node:21152) [MONGODB DRIVER] Warning: useNewUrlParser is a deprecated option: useNewUrlParser has no effect since Node.js Driver version 4.0.0 and will be removed in the next major version
(Use `node --trace-warnings ...` to show where the warning was created)
(node:21152) [MONGODB DRIVER] Warning: useUnifiedTopology is a deprecated option: useUnifiedTopology has no effect since Node.js Driver version 4.0.0 and will be removed in the next major version
🚀 Server running on port 8080
✅ Connected to Local MongoDB: voting_app
[32m[nodemon] restarting due to changes...[39m
[32m[nodemon] starting `node index.js`[39m
[dotenv@17.1.0] injecting env (4) from .env (tip: 🔐 prevent committing .env to code: https://dotenvx.com/precommit)
(node:21314) [MONGODB DRIVER] Warning: useNewUrlParser is a deprecated option: useNewUrlParser has no effect since Node.js Driver version 4.0.0 and will be removed in the next major version
(Use `node --trace-warnings ...` to show where the warning was created)
(node:21314) [MONGODB DRIVER] Warning: useUnifiedTopology is a deprecated option: useUnifiedTopology has no effect since Node.js Driver version 4.0.0 and will be removed in the next major version
🚀 Server running on port 8080
✅ Connected to Local MongoDB: voting_app
[32m[nodemon] restarting due to changes...[39m
[32m[nodemon] starting `node index.js`[39m
[dotenv@17.1.0] injecting env (4) from .env (tip: ⚙️  enable debug logging with { debug: true })
(node:21442) [MONGODB DRIVER] Warning: useNewUrlParser is a deprecated option: useNewUrlParser has no effect since Node.js Driver version 4.0.0 and will be removed in the next major version
(Use `node --trace-warnings ...` to show where the warning was created)
(node:21442) [MONGODB DRIVER] Warning: useUnifiedTopology is a deprecated option: useUnifiedTopology has no effect since Node.js Driver version 4.0.0 and will be removed in the next major version
🚀 Server running on port 8080
✅ Connected to Local MongoDB: voting_app
[32m[nodemon] restarting due to changes...[39m
[32m[nodemon] starting `node index.js`[39m
[dotenv@17.1.0] injecting env (4) from .env (tip: 🔐 prevent building .env in docker: https://dotenvx.com/prebuild)
(node:21675) [MONGODB DRIVER] Warning: useNewUrlParser is a deprecated option: useNewUrlParser has no effect since Node.js Driver version 4.0.0 and will be removed in the next major version
(Use `node --trace-warnings ...` to show where the warning was created)
(node:21675) [MONGODB DRIVER] Warning: useUnifiedTopology is a deprecated option: useUnifiedTopology has no effect since Node.js Driver version 4.0.0 and will be removed in the next major version
🚀 Server running on port 8080
✅ Connected to Local MongoDB: voting_app
Registration error: MongoServerError: E11000 duplicate key error collection: voting_app.users index: voterId_1 dup key: { voterId: null }
    at InsertOneOperation.execute (/Users/navneetsachan/Documents/test/voting_app/server/node_modules/mongodb/lib/operations/insert.js:51:19)
    at process.processTicksAndRejections (node:internal/process/task_queues:95:5)
    at async tryOperation (/Users/navneetsachan/Documents/test/voting_app/server/node_modules/mongodb/lib/operations/execute_operation.js:207:20)
    at async executeOperation (/Users/navneetsachan/Documents/test/voting_app/server/node_modules/mongodb/lib/operations/execute_operation.js:75:16)
    at async Collection.insertOne (/Users/navneetsachan/Documents/test/voting_app/server/node_modules/mongodb/lib/collection.js:157:16) {
  errorLabelSet: Set(0) {},
  errorResponse: {
    index: 0,
    code: 11000,
    errmsg: 'E11000 duplicate key error collection: voting_app.users index: voterId_1 dup key: { voterId: null }',
    keyPattern: { voterId: 1 },
    keyValue: { voterId: null }
  },
  index: 0,
  code: 11000,
  keyPattern: { voterId: 1 },
  keyValue: { voterId: null }
}
Registration error: MongoServerError: E11000 duplicate key error collection: voting_app.users index: voterId_1 dup key: { voterId: null }
    at InsertOneOperation.execute (/Users/navneetsachan/Documents/test/voting_app/server/node_modules/mongodb/lib/operations/insert.js:51:19)
    at process.processTicksAndRejections (node:internal/process/task_queues:95:5)
    at async tryOperation (/Users/navneetsachan/Documents/test/voting_app/server/node_modules/mongodb/lib/operations/execute_operation.js:207:20)
    at async executeOperation (/Users/navneetsachan/Documents/test/voting_app/server/node_modules/mongodb/lib/operations/execute_operation.js:75:16)
    at async Collection.insertOne (/Users/navneetsachan/Documents/test/voting_app/server/node_modules/mongodb/lib/collection.js:157:16) {
  errorLabelSet: Set(0) {},
  errorResponse: {
    index: 0,
    code: 11000,
    errmsg: 'E11000 duplicate key error collection: voting_app.users index: voterId_1 dup key: { voterId: null }',
    keyPattern: { voterId: 1 },
    keyValue: { voterId: null }
  },
  index: 0,
  code: 11000,
  keyPattern: { voterId: 1 },
  keyValue: { voterId: null }
}
Registration error: MongoServerError: E11000 duplicate key error collection: voting_app.users index: voterId_1 dup key: { voterId: null }
    at InsertOneOperation.execute (/Users/navneetsachan/Documents/test/voting_app/server/node_modules/mongodb/lib/operations/insert.js:51:19)
    at process.processTicksAndRejections (node:internal/process/task_queues:95:5)
    at async tryOperation (/Users/navneetsachan/Documents/test/voting_app/server/node_modules/mongodb/lib/operations/execute_operation.js:207:20)
    at async executeOperation (/Users/navneetsachan/Documents/test/voting_app/server/node_modules/mongodb/lib/operations/execute_operation.js:75:16)
    at async Collection.insertOne (/Users/navneetsachan/Documents/test/voting_app/server/node_modules/mongodb/lib/collection.js:157:16) {
  errorLabelSet: Set(0) {},
  errorResponse: {
    index: 0,
    code: 11000,
    errmsg: 'E11000 duplicate key error collection: voting_app.users index: voterId_1 dup key: { voterId: null }',
    keyPattern: { voterId: 1 },
    keyValue: { voterId: null }
  },
  index: 0,
  code: 11000,
  keyPattern: { voterId: 1 },
  keyValue: { voterId: null }
}
